<?xml version="1.0" encoding="UTF-8"?>
<testsuite name="unit.CategoryTests" tests="1" skipped="0" failures="0" errors="0" timestamp="2023-04-07T17:02:58" hostname="DESKTOP-8HEPM5O" time="0.02">
  <properties/>
  <testcase name="createAnCategoryInstance()" classname="unit.CategoryTests" time="0.02"/>
  <system-out><![CDATA[]]></system-out>
  <system-err><![CDATA[]]></system-err>
</testsuite>
